Created by PLY version 3.11 (http://www.dabeaz.com/ply)

Unused terminals:

    equalequal

Grammar

Rule 0     S' -> expr
Rule 1     expr -> term plus term
Rule 2     expr -> COS opening term closing
Rule 3     expr -> SIN opening term closing
Rule 4     expr -> TAN opening term closing
Rule 5     expr -> ROOT opening term closing
Rule 6     expr -> ROOT opening term term closing
Rule 7     expr -> COS opening term closing plus term
Rule 8     expr -> SIN opening term closing plus term
Rule 9     expr -> TAN opening term closing plus term
Rule 10    expr -> COS opening term closing minus term
Rule 11    expr -> SIN opening term closing minus term
Rule 12    expr -> TAN opening term closing minus term
Rule 13    expr -> SIN opening term closing times term
Rule 14    expr -> COS opening term closing times term
Rule 15    expr -> TAN opening term closing times term
Rule 16    expr -> term minus COS opening term closing
Rule 17    expr -> term plus COS opening term closing
Rule 18    expr -> term times COS opening term closing
Rule 19    expr -> term divide COS opening term closing
Rule 20    expr -> term minus SIN opening term closing
Rule 21    expr -> term plus SIN opening term closing
Rule 22    expr -> term times SIN opening term closing
Rule 23    expr -> term divide SIN opening term closing
Rule 24    expr -> term plus TAN opening term closing
Rule 25    expr -> term minus TAN opening term closing
Rule 26    expr -> term times TAN opening term closing
Rule 27    expr -> term divide TAN opening term closing
Rule 28    expr -> COS opening term closing plus COS opening term closing
Rule 29    expr -> SIN opening term closing plus SIN opening term closing
Rule 30    expr -> TAN opening term closing plus TAN opening term closing
Rule 31    expr -> COS opening term closing plus SIN opening term closing
Rule 32    expr -> COS opening term closing plus TAN opening term closing
Rule 33    expr -> SIN opening term closing plus COS opening term closing
Rule 34    expr -> SIN opening term closing plus TAN opening term closing
Rule 35    expr -> TAN opening term closing plus SIN opening term closing
Rule 36    expr -> TAN opening term closing plus COS opening term closing
Rule 37    expr -> COS opening term closing minus COS opening term closing
Rule 38    expr -> SIN opening term closing minus SIN opening term closing
Rule 39    expr -> TAN opening term closing minus TAN opening term closing
Rule 40    expr -> COS opening term closing minus SIN opening term closing
Rule 41    expr -> COS opening term closing minus TAN opening term closing
Rule 42    expr -> SIN opening term closing minus COS opening term closing
Rule 43    expr -> SIN opening term closing minus TAN opening term closing
Rule 44    expr -> TAN opening term closing minus SIN opening term closing
Rule 45    expr -> TAN opening term closing minus COS opening term closing
Rule 46    expr -> COS opening term closing times COS opening term closing
Rule 47    expr -> SIN opening term closing times SIN opening term closing
Rule 48    expr -> TAN opening term closing times TAN opening term closing
Rule 49    expr -> COS opening term closing times SIN opening term closing
Rule 50    expr -> COS opening term closing times TAN opening term closing
Rule 51    expr -> SIN opening term closing times COS opening term closing
Rule 52    expr -> SIN opening term closing times TAN opening term closing
Rule 53    expr -> TAN opening term closing times SIN opening term closing
Rule 54    expr -> TAN opening term closing times COS opening term closing
Rule 55    expr -> COS opening term closing divide COS opening term closing
Rule 56    expr -> SIN opening term closing divide SIN opening term closing
Rule 57    expr -> TAN opening term closing divide TAN opening term closing
Rule 58    expr -> COS opening term closing divide SIN opening term closing
Rule 59    expr -> COS opening term closing divide TAN opening term closing
Rule 60    expr -> SIN opening term closing divide COS opening term closing
Rule 61    expr -> SIN opening term closing divide TAN opening term closing
Rule 62    expr -> TAN opening term closing divide SIN opening term closing
Rule 63    expr -> TAN opening term closing divide COS opening term closing
Rule 64    expr -> E pow term
Rule 65    expr -> term mod term
Rule 66    expr -> term sumto term
Rule 67    expr -> LOG opening term term closing
Rule 68    expr -> LOG opening term closing
Rule 69    expr -> term minus term
Rule 70    expr -> term lessthan term
Rule 71    expr -> term greaterthan term
Rule 72    expr -> term pow term
Rule 73    expr -> term equal term
Rule 74    expr -> term greaterthanequal term
Rule 75    expr -> term lessthanequal term
Rule 76    expr -> term times term
Rule 77    expr -> term divide term
Rule 78    expr -> term range term
Rule 79    expr -> term factorial
Rule 80    term -> integer
Rule 81    opening -> open
Rule 82    closing -> closed

Terminals, with rules where they appear

COS                  : 2 7 10 14 16 17 18 19 28 28 31 32 33 36 37 37 40 41 42 45 46 46 49 50 51 54 55 55 58 59 60 63
E                    : 64
LOG                  : 67 68
ROOT                 : 5 6
SIN                  : 3 8 11 13 20 21 22 23 29 29 31 33 34 35 38 38 40 42 43 44 47 47 49 51 52 53 56 56 58 60 61 62
TAN                  : 4 9 12 15 24 25 26 27 30 30 32 34 35 36 39 39 41 43 44 45 48 48 50 52 53 54 57 57 59 61 62 63
closed               : 82
divide               : 19 23 27 55 56 57 58 59 60 61 62 63 77
equal                : 73
equalequal           : 
error                : 
factorial            : 79
greaterthan          : 71
greaterthanequal     : 74
integer              : 80
lessthan             : 70
lessthanequal        : 75
minus                : 10 11 12 16 20 25 37 38 39 40 41 42 43 44 45 69
mod                  : 65
open                 : 81
plus                 : 1 7 8 9 17 21 24 28 29 30 31 32 33 34 35 36
pow                  : 64 72
range                : 78
sumto                : 66
times                : 13 14 15 18 22 26 46 47 48 49 50 51 52 53 54 76

Nonterminals, with rules where they appear

closing              : 2 3 4 5 6 7 8 9 10 11 12 13 14 15 16 17 18 19 20 21 22 23 24 25 26 27 28 28 29 29 30 30 31 31 32 32 33 33 34 34 35 35 36 36 37 37 38 38 39 39 40 40 41 41 42 42 43 43 44 44 45 45 46 46 47 47 48 48 49 49 50 50 51 51 52 52 53 53 54 54 55 55 56 56 57 57 58 58 59 59 60 60 61 61 62 62 63 63 67 68
expr                 : 0
opening              : 2 3 4 5 6 7 8 9 10 11 12 13 14 15 16 17 18 19 20 21 22 23 24 25 26 27 28 28 29 29 30 30 31 31 32 32 33 33 34 34 35 35 36 36 37 37 38 38 39 39 40 40 41 41 42 42 43 43 44 44 45 45 46 46 47 47 48 48 49 49 50 50 51 51 52 52 53 53 54 54 55 55 56 56 57 57 58 58 59 59 60 60 61 61 62 62 63 63 67 68
term                 : 1 1 2 3 4 5 6 6 7 7 8 8 9 9 10 10 11 11 12 12 13 13 14 14 15 15 16 16 17 17 18 18 19 19 20 20 21 21 22 22 23 23 24 24 25 25 26 26 27 27 28 28 29 29 30 30 31 31 32 32 33 33 34 34 35 35 36 36 37 37 38 38 39 39 40 40 41 41 42 42 43 43 44 44 45 45 46 46 47 47 48 48 49 49 50 50 51 51 52 52 53 53 54 54 55 55 56 56 57 57 58 58 59 59 60 60 61 61 62 62 63 63 64 65 65 66 66 67 67 68 69 69 70 70 71 71 72 72 73 73 74 74 75 75 76 76 77 77 78 78 79

Parsing method: LALR

state 0

    (0) S' -> . expr
    (1) expr -> . term plus term
    (2) expr -> . COS opening term closing
    (3) expr -> . SIN opening term closing
    (4) expr -> . TAN opening term closing
    (5) expr -> . ROOT opening term closing
    (6) expr -> . ROOT opening term term closing
    (7) expr -> . COS opening term closing plus term
    (8) expr -> . SIN opening term closing plus term
    (9) expr -> . TAN opening term closing plus term
    (10) expr -> . COS opening term closing minus term
    (11) expr -> . SIN opening term closing minus term
    (12) expr -> . TAN opening term closing minus term
    (13) expr -> . SIN opening term closing times term
    (14) expr -> . COS opening term closing times term
    (15) expr -> . TAN opening term closing times term
    (16) expr -> . term minus COS opening term closing
    (17) expr -> . term plus COS opening term closing
    (18) expr -> . term times COS opening term closing
    (19) expr -> . term divide COS opening term closing
    (20) expr -> . term minus SIN opening term closing
    (21) expr -> . term plus SIN opening term closing
    (22) expr -> . term times SIN opening term closing
    (23) expr -> . term divide SIN opening term closing
    (24) expr -> . term plus TAN opening term closing
    (25) expr -> . term minus TAN opening term closing
    (26) expr -> . term times TAN opening term closing
    (27) expr -> . term divide TAN opening term closing
    (28) expr -> . COS opening term closing plus COS opening term closing
    (29) expr -> . SIN opening term closing plus SIN opening term closing
    (30) expr -> . TAN opening term closing plus TAN opening term closing
    (31) expr -> . COS opening term closing plus SIN opening term closing
    (32) expr -> . COS opening term closing plus TAN opening term closing
    (33) expr -> . SIN opening term closing plus COS opening term closing
    (34) expr -> . SIN opening term closing plus TAN opening term closing
    (35) expr -> . TAN opening term closing plus SIN opening term closing
    (36) expr -> . TAN opening term closing plus COS opening term closing
    (37) expr -> . COS opening term closing minus COS opening term closing
    (38) expr -> . SIN opening term closing minus SIN opening term closing
    (39) expr -> . TAN opening term closing minus TAN opening term closing
    (40) expr -> . COS opening term closing minus SIN opening term closing
    (41) expr -> . COS opening term closing minus TAN opening term closing
    (42) expr -> . SIN opening term closing minus COS opening term closing
    (43) expr -> . SIN opening term closing minus TAN opening term closing
    (44) expr -> . TAN opening term closing minus SIN opening term closing
    (45) expr -> . TAN opening term closing minus COS opening term closing
    (46) expr -> . COS opening term closing times COS opening term closing
    (47) expr -> . SIN opening term closing times SIN opening term closing
    (48) expr -> . TAN opening term closing times TAN opening term closing
    (49) expr -> . COS opening term closing times SIN opening term closing
    (50) expr -> . COS opening term closing times TAN opening term closing
    (51) expr -> . SIN opening term closing times COS opening term closing
    (52) expr -> . SIN opening term closing times TAN opening term closing
    (53) expr -> . TAN opening term closing times SIN opening term closing
    (54) expr -> . TAN opening term closing times COS opening term closing
    (55) expr -> . COS opening term closing divide COS opening term closing
    (56) expr -> . SIN opening term closing divide SIN opening term closing
    (57) expr -> . TAN opening term closing divide TAN opening term closing
    (58) expr -> . COS opening term closing divide SIN opening term closing
    (59) expr -> . COS opening term closing divide TAN opening term closing
    (60) expr -> . SIN opening term closing divide COS opening term closing
    (61) expr -> . SIN opening term closing divide TAN opening term closing
    (62) expr -> . TAN opening term closing divide SIN opening term closing
    (63) expr -> . TAN opening term closing divide COS opening term closing
    (64) expr -> . E pow term
    (65) expr -> . term mod term
    (66) expr -> . term sumto term
    (67) expr -> . LOG opening term term closing
    (68) expr -> . LOG opening term closing
    (69) expr -> . term minus term
    (70) expr -> . term lessthan term
    (71) expr -> . term greaterthan term
    (72) expr -> . term pow term
    (73) expr -> . term equal term
    (74) expr -> . term greaterthanequal term
    (75) expr -> . term lessthanequal term
    (76) expr -> . term times term
    (77) expr -> . term divide term
    (78) expr -> . term range term
    (79) expr -> . term factorial
    (80) term -> . integer

    COS             shift and go to state 1
    SIN             shift and go to state 2
    TAN             shift and go to state 4
    ROOT            shift and go to state 5
    E               shift and go to state 6
    LOG             shift and go to state 3
    integer         shift and go to state 7

    expr                           shift and go to state 9
    term                           shift and go to state 8

state 1

    (2) expr -> COS . opening term closing
    (7) expr -> COS . opening term closing plus term
    (10) expr -> COS . opening term closing minus term
    (14) expr -> COS . opening term closing times term
    (28) expr -> COS . opening term closing plus COS opening term closing
    (31) expr -> COS . opening term closing plus SIN opening term closing
    (32) expr -> COS . opening term closing plus TAN opening term closing
    (37) expr -> COS . opening term closing minus COS opening term closing
    (40) expr -> COS . opening term closing minus SIN opening term closing
    (41) expr -> COS . opening term closing minus TAN opening term closing
    (46) expr -> COS . opening term closing times COS opening term closing
    (49) expr -> COS . opening term closing times SIN opening term closing
    (50) expr -> COS . opening term closing times TAN opening term closing
    (55) expr -> COS . opening term closing divide COS opening term closing
    (58) expr -> COS . opening term closing divide SIN opening term closing
    (59) expr -> COS . opening term closing divide TAN opening term closing
    (81) opening -> . open

    open            shift and go to state 11

    opening                        shift and go to state 10

state 2

    (3) expr -> SIN . opening term closing
    (8) expr -> SIN . opening term closing plus term
    (11) expr -> SIN . opening term closing minus term
    (13) expr -> SIN . opening term closing times term
    (29) expr -> SIN . opening term closing plus SIN opening term closing
    (33) expr -> SIN . opening term closing plus COS opening term closing
    (34) expr -> SIN . opening term closing plus TAN opening term closing
    (38) expr -> SIN . opening term closing minus SIN opening term closing
    (42) expr -> SIN . opening term closing minus COS opening term closing
    (43) expr -> SIN . opening term closing minus TAN opening term closing
    (47) expr -> SIN . opening term closing times SIN opening term closing
    (51) expr -> SIN . opening term closing times COS opening term closing
    (52) expr -> SIN . opening term closing times TAN opening term closing
    (56) expr -> SIN . opening term closing divide SIN opening term closing
    (60) expr -> SIN . opening term closing divide COS opening term closing
    (61) expr -> SIN . opening term closing divide TAN opening term closing
    (81) opening -> . open

    open            shift and go to state 11

    opening                        shift and go to state 12

state 3

    (67) expr -> LOG . opening term term closing
    (68) expr -> LOG . opening term closing
    (81) opening -> . open

    open            shift and go to state 11

    opening                        shift and go to state 13

state 4

    (4) expr -> TAN . opening term closing
    (9) expr -> TAN . opening term closing plus term
    (12) expr -> TAN . opening term closing minus term
    (15) expr -> TAN . opening term closing times term
    (30) expr -> TAN . opening term closing plus TAN opening term closing
    (35) expr -> TAN . opening term closing plus SIN opening term closing
    (36) expr -> TAN . opening term closing plus COS opening term closing
    (39) expr -> TAN . opening term closing minus TAN opening term closing
    (44) expr -> TAN . opening term closing minus SIN opening term closing
    (45) expr -> TAN . opening term closing minus COS opening term closing
    (48) expr -> TAN . opening term closing times TAN opening term closing
    (53) expr -> TAN . opening term closing times SIN opening term closing
    (54) expr -> TAN . opening term closing times COS opening term closing
    (57) expr -> TAN . opening term closing divide TAN opening term closing
    (62) expr -> TAN . opening term closing divide SIN opening term closing
    (63) expr -> TAN . opening term closing divide COS opening term closing
    (81) opening -> . open

    open            shift and go to state 11

    opening                        shift and go to state 14

state 5

    (5) expr -> ROOT . opening term closing
    (6) expr -> ROOT . opening term term closing
    (81) opening -> . open

    open            shift and go to state 11

    opening                        shift and go to state 15

state 6

    (64) expr -> E . pow term

    pow             shift and go to state 16


state 7

    (80) term -> integer .

    $end            reduce using rule 80 (term -> integer .)
    closed          reduce using rule 80 (term -> integer .)
    plus            reduce using rule 80 (term -> integer .)
    minus           reduce using rule 80 (term -> integer .)
    times           reduce using rule 80 (term -> integer .)
    divide          reduce using rule 80 (term -> integer .)
    mod             reduce using rule 80 (term -> integer .)
    sumto           reduce using rule 80 (term -> integer .)
    lessthan        reduce using rule 80 (term -> integer .)
    greaterthan     reduce using rule 80 (term -> integer .)
    pow             reduce using rule 80 (term -> integer .)
    equal           reduce using rule 80 (term -> integer .)
    greaterthanequal reduce using rule 80 (term -> integer .)
    lessthanequal   reduce using rule 80 (term -> integer .)
    range           reduce using rule 80 (term -> integer .)
    factorial       reduce using rule 80 (term -> integer .)
    integer         reduce using rule 80 (term -> integer .)


state 8

    (1) expr -> term . plus term
    (16) expr -> term . minus COS opening term closing
    (17) expr -> term . plus COS opening term closing
    (18) expr -> term . times COS opening term closing
    (19) expr -> term . divide COS opening term closing
    (20) expr -> term . minus SIN opening term closing
    (21) expr -> term . plus SIN opening term closing
    (22) expr -> term . times SIN opening term closing
    (23) expr -> term . divide SIN opening term closing
    (24) expr -> term . plus TAN opening term closing
    (25) expr -> term . minus TAN opening term closing
    (26) expr -> term . times TAN opening term closing
    (27) expr -> term . divide TAN opening term closing
    (65) expr -> term . mod term
    (66) expr -> term . sumto term
    (69) expr -> term . minus term
    (70) expr -> term . lessthan term
    (71) expr -> term . greaterthan term
    (72) expr -> term . pow term
    (73) expr -> term . equal term
    (74) expr -> term . greaterthanequal term
    (75) expr -> term . lessthanequal term
    (76) expr -> term . times term
    (77) expr -> term . divide term
    (78) expr -> term . range term
    (79) expr -> term . factorial

    plus            shift and go to state 25
    minus           shift and go to state 29
    times           shift and go to state 23
    divide          shift and go to state 18
    mod             shift and go to state 30
    sumto           shift and go to state 22
    lessthan        shift and go to state 24
    greaterthan     shift and go to state 27
    pow             shift and go to state 21
    equal           shift and go to state 26
    greaterthanequal shift and go to state 19
    lessthanequal   shift and go to state 17
    range           shift and go to state 28
    factorial       shift and go to state 20


state 9

    (0) S' -> expr .



state 10

    (2) expr -> COS opening . term closing
    (7) expr -> COS opening . term closing plus term
    (10) expr -> COS opening . term closing minus term
    (14) expr -> COS opening . term closing times term
    (28) expr -> COS opening . term closing plus COS opening term closing
    (31) expr -> COS opening . term closing plus SIN opening term closing
    (32) expr -> COS opening . term closing plus TAN opening term closing
    (37) expr -> COS opening . term closing minus COS opening term closing
    (40) expr -> COS opening . term closing minus SIN opening term closing
    (41) expr -> COS opening . term closing minus TAN opening term closing
    (46) expr -> COS opening . term closing times COS opening term closing
    (49) expr -> COS opening . term closing times SIN opening term closing
    (50) expr -> COS opening . term closing times TAN opening term closing
    (55) expr -> COS opening . term closing divide COS opening term closing
    (58) expr -> COS opening . term closing divide SIN opening term closing
    (59) expr -> COS opening . term closing divide TAN opening term closing
    (80) term -> . integer

    integer         shift and go to state 7

    term                           shift and go to state 31

state 11

    (81) opening -> open .

    integer         reduce using rule 81 (opening -> open .)


state 12

    (3) expr -> SIN opening . term closing
    (8) expr -> SIN opening . term closing plus term
    (11) expr -> SIN opening . term closing minus term
    (13) expr -> SIN opening . term closing times term
    (29) expr -> SIN opening . term closing plus SIN opening term closing
    (33) expr -> SIN opening . term closing plus COS opening term closing
    (34) expr -> SIN opening . term closing plus TAN opening term closing
    (38) expr -> SIN opening . term closing minus SIN opening term closing
    (42) expr -> SIN opening . term closing minus COS opening term closing
    (43) expr -> SIN opening . term closing minus TAN opening term closing
    (47) expr -> SIN opening . term closing times SIN opening term closing
    (51) expr -> SIN opening . term closing times COS opening term closing
    (52) expr -> SIN opening . term closing times TAN opening term closing
    (56) expr -> SIN opening . term closing divide SIN opening term closing
    (60) expr -> SIN opening . term closing divide COS opening term closing
    (61) expr -> SIN opening . term closing divide TAN opening term closing
    (80) term -> . integer

    integer         shift and go to state 7

    term                           shift and go to state 32

state 13

    (67) expr -> LOG opening . term term closing
    (68) expr -> LOG opening . term closing
    (80) term -> . integer

    integer         shift and go to state 7

    term                           shift and go to state 33

state 14

    (4) expr -> TAN opening . term closing
    (9) expr -> TAN opening . term closing plus term
    (12) expr -> TAN opening . term closing minus term
    (15) expr -> TAN opening . term closing times term
    (30) expr -> TAN opening . term closing plus TAN opening term closing
    (35) expr -> TAN opening . term closing plus SIN opening term closing
    (36) expr -> TAN opening . term closing plus COS opening term closing
    (39) expr -> TAN opening . term closing minus TAN opening term closing
    (44) expr -> TAN opening . term closing minus SIN opening term closing
    (45) expr -> TAN opening . term closing minus COS opening term closing
    (48) expr -> TAN opening . term closing times TAN opening term closing
    (53) expr -> TAN opening . term closing times SIN opening term closing
    (54) expr -> TAN opening . term closing times COS opening term closing
    (57) expr -> TAN opening . term closing divide TAN opening term closing
    (62) expr -> TAN opening . term closing divide SIN opening term closing
    (63) expr -> TAN opening . term closing divide COS opening term closing
    (80) term -> . integer

    integer         shift and go to state 7

    term                           shift and go to state 34

state 15

    (5) expr -> ROOT opening . term closing
    (6) expr -> ROOT opening . term term closing
    (80) term -> . integer

    integer         shift and go to state 7

    term                           shift and go to state 35

state 16

    (64) expr -> E pow . term
    (80) term -> . integer

    integer         shift and go to state 7

    term                           shift and go to state 36

state 17

    (75) expr -> term lessthanequal . term
    (80) term -> . integer

    integer         shift and go to state 7

    term                           shift and go to state 37

state 18

    (19) expr -> term divide . COS opening term closing
    (23) expr -> term divide . SIN opening term closing
    (27) expr -> term divide . TAN opening term closing
    (77) expr -> term divide . term
    (80) term -> . integer

    COS             shift and go to state 39
    SIN             shift and go to state 41
    TAN             shift and go to state 40
    integer         shift and go to state 7

    term                           shift and go to state 38

state 19

    (74) expr -> term greaterthanequal . term
    (80) term -> . integer

    integer         shift and go to state 7

    term                           shift and go to state 42

state 20

    (79) expr -> term factorial .

    $end            reduce using rule 79 (expr -> term factorial .)


state 21

    (72) expr -> term pow . term
    (80) term -> . integer

    integer         shift and go to state 7

    term                           shift and go to state 43

state 22

    (66) expr -> term sumto . term
    (80) term -> . integer

    integer         shift and go to state 7

    term                           shift and go to state 44

state 23

    (18) expr -> term times . COS opening term closing
    (22) expr -> term times . SIN opening term closing
    (26) expr -> term times . TAN opening term closing
    (76) expr -> term times . term
    (80) term -> . integer

    COS             shift and go to state 46
    SIN             shift and go to state 48
    TAN             shift and go to state 47
    integer         shift and go to state 7

    term                           shift and go to state 45

state 24

    (70) expr -> term lessthan . term
    (80) term -> . integer

    integer         shift and go to state 7

    term                           shift and go to state 49

state 25

    (1) expr -> term plus . term
    (17) expr -> term plus . COS opening term closing
    (21) expr -> term plus . SIN opening term closing
    (24) expr -> term plus . TAN opening term closing
    (80) term -> . integer

    COS             shift and go to state 51
    SIN             shift and go to state 53
    TAN             shift and go to state 52
    integer         shift and go to state 7

    term                           shift and go to state 50

state 26

    (73) expr -> term equal . term
    (80) term -> . integer

    integer         shift and go to state 7

    term                           shift and go to state 54

state 27

    (71) expr -> term greaterthan . term
    (80) term -> . integer

    integer         shift and go to state 7

    term                           shift and go to state 55

state 28

    (78) expr -> term range . term
    (80) term -> . integer

    integer         shift and go to state 7

    term                           shift and go to state 56

state 29

    (16) expr -> term minus . COS opening term closing
    (20) expr -> term minus . SIN opening term closing
    (25) expr -> term minus . TAN opening term closing
    (69) expr -> term minus . term
    (80) term -> . integer

    COS             shift and go to state 58
    SIN             shift and go to state 60
    TAN             shift and go to state 59
    integer         shift and go to state 7

    term                           shift and go to state 57

state 30

    (65) expr -> term mod . term
    (80) term -> . integer

    integer         shift and go to state 7

    term                           shift and go to state 61

state 31

    (2) expr -> COS opening term . closing
    (7) expr -> COS opening term . closing plus term
    (10) expr -> COS opening term . closing minus term
    (14) expr -> COS opening term . closing times term
    (28) expr -> COS opening term . closing plus COS opening term closing
    (31) expr -> COS opening term . closing plus SIN opening term closing
    (32) expr -> COS opening term . closing plus TAN opening term closing
    (37) expr -> COS opening term . closing minus COS opening term closing
    (40) expr -> COS opening term . closing minus SIN opening term closing
    (41) expr -> COS opening term . closing minus TAN opening term closing
    (46) expr -> COS opening term . closing times COS opening term closing
    (49) expr -> COS opening term . closing times SIN opening term closing
    (50) expr -> COS opening term . closing times TAN opening term closing
    (55) expr -> COS opening term . closing divide COS opening term closing
    (58) expr -> COS opening term . closing divide SIN opening term closing
    (59) expr -> COS opening term . closing divide TAN opening term closing
    (82) closing -> . closed

    closed          shift and go to state 62

    closing                        shift and go to state 63

state 32

    (3) expr -> SIN opening term . closing
    (8) expr -> SIN opening term . closing plus term
    (11) expr -> SIN opening term . closing minus term
    (13) expr -> SIN opening term . closing times term
    (29) expr -> SIN opening term . closing plus SIN opening term closing
    (33) expr -> SIN opening term . closing plus COS opening term closing
    (34) expr -> SIN opening term . closing plus TAN opening term closing
    (38) expr -> SIN opening term . closing minus SIN opening term closing
    (42) expr -> SIN opening term . closing minus COS opening term closing
    (43) expr -> SIN opening term . closing minus TAN opening term closing
    (47) expr -> SIN opening term . closing times SIN opening term closing
    (51) expr -> SIN opening term . closing times COS opening term closing
    (52) expr -> SIN opening term . closing times TAN opening term closing
    (56) expr -> SIN opening term . closing divide SIN opening term closing
    (60) expr -> SIN opening term . closing divide COS opening term closing
    (61) expr -> SIN opening term . closing divide TAN opening term closing
    (82) closing -> . closed

    closed          shift and go to state 62

    closing                        shift and go to state 64

state 33

    (67) expr -> LOG opening term . term closing
    (68) expr -> LOG opening term . closing
    (80) term -> . integer
    (82) closing -> . closed

    integer         shift and go to state 7
    closed          shift and go to state 62

    term                           shift and go to state 65
    closing                        shift and go to state 66

state 34

    (4) expr -> TAN opening term . closing
    (9) expr -> TAN opening term . closing plus term
    (12) expr -> TAN opening term . closing minus term
    (15) expr -> TAN opening term . closing times term
    (30) expr -> TAN opening term . closing plus TAN opening term closing
    (35) expr -> TAN opening term . closing plus SIN opening term closing
    (36) expr -> TAN opening term . closing plus COS opening term closing
    (39) expr -> TAN opening term . closing minus TAN opening term closing
    (44) expr -> TAN opening term . closing minus SIN opening term closing
    (45) expr -> TAN opening term . closing minus COS opening term closing
    (48) expr -> TAN opening term . closing times TAN opening term closing
    (53) expr -> TAN opening term . closing times SIN opening term closing
    (54) expr -> TAN opening term . closing times COS opening term closing
    (57) expr -> TAN opening term . closing divide TAN opening term closing
    (62) expr -> TAN opening term . closing divide SIN opening term closing
    (63) expr -> TAN opening term . closing divide COS opening term closing
    (82) closing -> . closed

    closed          shift and go to state 62

    closing                        shift and go to state 67

state 35

    (5) expr -> ROOT opening term . closing
    (6) expr -> ROOT opening term . term closing
    (82) closing -> . closed
    (80) term -> . integer

    closed          shift and go to state 62
    integer         shift and go to state 7

    term                           shift and go to state 68
    closing                        shift and go to state 69

state 36

    (64) expr -> E pow term .

    $end            reduce using rule 64 (expr -> E pow term .)


state 37

    (75) expr -> term lessthanequal term .

    $end            reduce using rule 75 (expr -> term lessthanequal term .)


state 38

    (77) expr -> term divide term .

    $end            reduce using rule 77 (expr -> term divide term .)


state 39

    (19) expr -> term divide COS . opening term closing
    (81) opening -> . open

    open            shift and go to state 11

    opening                        shift and go to state 70

state 40

    (27) expr -> term divide TAN . opening term closing
    (81) opening -> . open

    open            shift and go to state 11

    opening                        shift and go to state 71

state 41

    (23) expr -> term divide SIN . opening term closing
    (81) opening -> . open

    open            shift and go to state 11

    opening                        shift and go to state 72

state 42

    (74) expr -> term greaterthanequal term .

    $end            reduce using rule 74 (expr -> term greaterthanequal term .)


state 43

    (72) expr -> term pow term .

    $end            reduce using rule 72 (expr -> term pow term .)


state 44

    (66) expr -> term sumto term .

    $end            reduce using rule 66 (expr -> term sumto term .)


state 45

    (76) expr -> term times term .

    $end            reduce using rule 76 (expr -> term times term .)


state 46

    (18) expr -> term times COS . opening term closing
    (81) opening -> . open

    open            shift and go to state 11

    opening                        shift and go to state 73

state 47

    (26) expr -> term times TAN . opening term closing
    (81) opening -> . open

    open            shift and go to state 11

    opening                        shift and go to state 74

state 48

    (22) expr -> term times SIN . opening term closing
    (81) opening -> . open

    open            shift and go to state 11

    opening                        shift and go to state 75

state 49

    (70) expr -> term lessthan term .

    $end            reduce using rule 70 (expr -> term lessthan term .)


state 50

    (1) expr -> term plus term .

    $end            reduce using rule 1 (expr -> term plus term .)


state 51

    (17) expr -> term plus COS . opening term closing
    (81) opening -> . open

    open            shift and go to state 11

    opening                        shift and go to state 76

state 52

    (24) expr -> term plus TAN . opening term closing
    (81) opening -> . open

    open            shift and go to state 11

    opening                        shift and go to state 77

state 53

    (21) expr -> term plus SIN . opening term closing
    (81) opening -> . open

    open            shift and go to state 11

    opening                        shift and go to state 78

state 54

    (73) expr -> term equal term .

    $end            reduce using rule 73 (expr -> term equal term .)


state 55

    (71) expr -> term greaterthan term .

    $end            reduce using rule 71 (expr -> term greaterthan term .)


state 56

    (78) expr -> term range term .

    $end            reduce using rule 78 (expr -> term range term .)


state 57

    (69) expr -> term minus term .

    $end            reduce using rule 69 (expr -> term minus term .)


state 58

    (16) expr -> term minus COS . opening term closing
    (81) opening -> . open

    open            shift and go to state 11

    opening                        shift and go to state 79

state 59

    (25) expr -> term minus TAN . opening term closing
    (81) opening -> . open

    open            shift and go to state 11

    opening                        shift and go to state 80

state 60

    (20) expr -> term minus SIN . opening term closing
    (81) opening -> . open

    open            shift and go to state 11

    opening                        shift and go to state 81

state 61

    (65) expr -> term mod term .

    $end            reduce using rule 65 (expr -> term mod term .)


state 62

    (82) closing -> closed .

    $end            reduce using rule 82 (closing -> closed .)
    plus            reduce using rule 82 (closing -> closed .)
    minus           reduce using rule 82 (closing -> closed .)
    times           reduce using rule 82 (closing -> closed .)
    divide          reduce using rule 82 (closing -> closed .)


state 63

    (2) expr -> COS opening term closing .
    (7) expr -> COS opening term closing . plus term
    (10) expr -> COS opening term closing . minus term
    (14) expr -> COS opening term closing . times term
    (28) expr -> COS opening term closing . plus COS opening term closing
    (31) expr -> COS opening term closing . plus SIN opening term closing
    (32) expr -> COS opening term closing . plus TAN opening term closing
    (37) expr -> COS opening term closing . minus COS opening term closing
    (40) expr -> COS opening term closing . minus SIN opening term closing
    (41) expr -> COS opening term closing . minus TAN opening term closing
    (46) expr -> COS opening term closing . times COS opening term closing
    (49) expr -> COS opening term closing . times SIN opening term closing
    (50) expr -> COS opening term closing . times TAN opening term closing
    (55) expr -> COS opening term closing . divide COS opening term closing
    (58) expr -> COS opening term closing . divide SIN opening term closing
    (59) expr -> COS opening term closing . divide TAN opening term closing

    $end            reduce using rule 2 (expr -> COS opening term closing .)
    plus            shift and go to state 84
    minus           shift and go to state 85
    times           shift and go to state 83
    divide          shift and go to state 82


state 64

    (3) expr -> SIN opening term closing .
    (8) expr -> SIN opening term closing . plus term
    (11) expr -> SIN opening term closing . minus term
    (13) expr -> SIN opening term closing . times term
    (29) expr -> SIN opening term closing . plus SIN opening term closing
    (33) expr -> SIN opening term closing . plus COS opening term closing
    (34) expr -> SIN opening term closing . plus TAN opening term closing
    (38) expr -> SIN opening term closing . minus SIN opening term closing
    (42) expr -> SIN opening term closing . minus COS opening term closing
    (43) expr -> SIN opening term closing . minus TAN opening term closing
    (47) expr -> SIN opening term closing . times SIN opening term closing
    (51) expr -> SIN opening term closing . times COS opening term closing
    (52) expr -> SIN opening term closing . times TAN opening term closing
    (56) expr -> SIN opening term closing . divide SIN opening term closing
    (60) expr -> SIN opening term closing . divide COS opening term closing
    (61) expr -> SIN opening term closing . divide TAN opening term closing

    $end            reduce using rule 3 (expr -> SIN opening term closing .)
    plus            shift and go to state 87
    minus           shift and go to state 89
    times           shift and go to state 88
    divide          shift and go to state 86


state 65

    (67) expr -> LOG opening term term . closing
    (82) closing -> . closed

    closed          shift and go to state 62

    closing                        shift and go to state 90

state 66

    (68) expr -> LOG opening term closing .

    $end            reduce using rule 68 (expr -> LOG opening term closing .)


state 67

    (4) expr -> TAN opening term closing .
    (9) expr -> TAN opening term closing . plus term
    (12) expr -> TAN opening term closing . minus term
    (15) expr -> TAN opening term closing . times term
    (30) expr -> TAN opening term closing . plus TAN opening term closing
    (35) expr -> TAN opening term closing . plus SIN opening term closing
    (36) expr -> TAN opening term closing . plus COS opening term closing
    (39) expr -> TAN opening term closing . minus TAN opening term closing
    (44) expr -> TAN opening term closing . minus SIN opening term closing
    (45) expr -> TAN opening term closing . minus COS opening term closing
    (48) expr -> TAN opening term closing . times TAN opening term closing
    (53) expr -> TAN opening term closing . times SIN opening term closing
    (54) expr -> TAN opening term closing . times COS opening term closing
    (57) expr -> TAN opening term closing . divide TAN opening term closing
    (62) expr -> TAN opening term closing . divide SIN opening term closing
    (63) expr -> TAN opening term closing . divide COS opening term closing

    $end            reduce using rule 4 (expr -> TAN opening term closing .)
    plus            shift and go to state 93
    minus           shift and go to state 92
    times           shift and go to state 94
    divide          shift and go to state 91


state 68

    (6) expr -> ROOT opening term term . closing
    (82) closing -> . closed

    closed          shift and go to state 62

    closing                        shift and go to state 95

state 69

    (5) expr -> ROOT opening term closing .

    $end            reduce using rule 5 (expr -> ROOT opening term closing .)


state 70

    (19) expr -> term divide COS opening . term closing
    (80) term -> . integer

    integer         shift and go to state 7

    term                           shift and go to state 96

state 71

    (27) expr -> term divide TAN opening . term closing
    (80) term -> . integer

    integer         shift and go to state 7

    term                           shift and go to state 97

state 72

    (23) expr -> term divide SIN opening . term closing
    (80) term -> . integer

    integer         shift and go to state 7

    term                           shift and go to state 98

state 73

    (18) expr -> term times COS opening . term closing
    (80) term -> . integer

    integer         shift and go to state 7

    term                           shift and go to state 99

state 74

    (26) expr -> term times TAN opening . term closing
    (80) term -> . integer

    integer         shift and go to state 7

    term                           shift and go to state 100

state 75

    (22) expr -> term times SIN opening . term closing
    (80) term -> . integer

    integer         shift and go to state 7

    term                           shift and go to state 101

state 76

    (17) expr -> term plus COS opening . term closing
    (80) term -> . integer

    integer         shift and go to state 7

    term                           shift and go to state 102

state 77

    (24) expr -> term plus TAN opening . term closing
    (80) term -> . integer

    integer         shift and go to state 7

    term                           shift and go to state 103

state 78

    (21) expr -> term plus SIN opening . term closing
    (80) term -> . integer

    integer         shift and go to state 7

    term                           shift and go to state 104

state 79

    (16) expr -> term minus COS opening . term closing
    (80) term -> . integer

    integer         shift and go to state 7

    term                           shift and go to state 105

state 80

    (25) expr -> term minus TAN opening . term closing
    (80) term -> . integer

    integer         shift and go to state 7

    term                           shift and go to state 106

state 81

    (20) expr -> term minus SIN opening . term closing
    (80) term -> . integer

    integer         shift and go to state 7

    term                           shift and go to state 107

state 82

    (55) expr -> COS opening term closing divide . COS opening term closing
    (58) expr -> COS opening term closing divide . SIN opening term closing
    (59) expr -> COS opening term closing divide . TAN opening term closing

    COS             shift and go to state 108
    SIN             shift and go to state 110
    TAN             shift and go to state 109


state 83

    (14) expr -> COS opening term closing times . term
    (46) expr -> COS opening term closing times . COS opening term closing
    (49) expr -> COS opening term closing times . SIN opening term closing
    (50) expr -> COS opening term closing times . TAN opening term closing
    (80) term -> . integer

    COS             shift and go to state 111
    SIN             shift and go to state 114
    TAN             shift and go to state 113
    integer         shift and go to state 7

    term                           shift and go to state 112

state 84

    (7) expr -> COS opening term closing plus . term
    (28) expr -> COS opening term closing plus . COS opening term closing
    (31) expr -> COS opening term closing plus . SIN opening term closing
    (32) expr -> COS opening term closing plus . TAN opening term closing
    (80) term -> . integer

    COS             shift and go to state 115
    SIN             shift and go to state 118
    TAN             shift and go to state 117
    integer         shift and go to state 7

    term                           shift and go to state 116

state 85

    (10) expr -> COS opening term closing minus . term
    (37) expr -> COS opening term closing minus . COS opening term closing
    (40) expr -> COS opening term closing minus . SIN opening term closing
    (41) expr -> COS opening term closing minus . TAN opening term closing
    (80) term -> . integer

    COS             shift and go to state 119
    SIN             shift and go to state 122
    TAN             shift and go to state 121
    integer         shift and go to state 7

    term                           shift and go to state 120

state 86

    (56) expr -> SIN opening term closing divide . SIN opening term closing
    (60) expr -> SIN opening term closing divide . COS opening term closing
    (61) expr -> SIN opening term closing divide . TAN opening term closing

    SIN             shift and go to state 125
    COS             shift and go to state 123
    TAN             shift and go to state 124


state 87

    (8) expr -> SIN opening term closing plus . term
    (29) expr -> SIN opening term closing plus . SIN opening term closing
    (33) expr -> SIN opening term closing plus . COS opening term closing
    (34) expr -> SIN opening term closing plus . TAN opening term closing
    (80) term -> . integer

    SIN             shift and go to state 129
    COS             shift and go to state 127
    TAN             shift and go to state 128
    integer         shift and go to state 7

    term                           shift and go to state 126

state 88

    (13) expr -> SIN opening term closing times . term
    (47) expr -> SIN opening term closing times . SIN opening term closing
    (51) expr -> SIN opening term closing times . COS opening term closing
    (52) expr -> SIN opening term closing times . TAN opening term closing
    (80) term -> . integer

    SIN             shift and go to state 133
    COS             shift and go to state 131
    TAN             shift and go to state 132
    integer         shift and go to state 7

    term                           shift and go to state 130

state 89

    (11) expr -> SIN opening term closing minus . term
    (38) expr -> SIN opening term closing minus . SIN opening term closing
    (42) expr -> SIN opening term closing minus . COS opening term closing
    (43) expr -> SIN opening term closing minus . TAN opening term closing
    (80) term -> . integer

    SIN             shift and go to state 136
    COS             shift and go to state 135
    TAN             shift and go to state 137
    integer         shift and go to state 7

    term                           shift and go to state 134

state 90

    (67) expr -> LOG opening term term closing .

    $end            reduce using rule 67 (expr -> LOG opening term term closing .)


state 91

    (57) expr -> TAN opening term closing divide . TAN opening term closing
    (62) expr -> TAN opening term closing divide . SIN opening term closing
    (63) expr -> TAN opening term closing divide . COS opening term closing

    TAN             shift and go to state 139
    SIN             shift and go to state 140
    COS             shift and go to state 138


state 92

    (12) expr -> TAN opening term closing minus . term
    (39) expr -> TAN opening term closing minus . TAN opening term closing
    (44) expr -> TAN opening term closing minus . SIN opening term closing
    (45) expr -> TAN opening term closing minus . COS opening term closing
    (80) term -> . integer

    TAN             shift and go to state 143
    SIN             shift and go to state 144
    COS             shift and go to state 142
    integer         shift and go to state 7

    term                           shift and go to state 141

state 93

    (9) expr -> TAN opening term closing plus . term
    (30) expr -> TAN opening term closing plus . TAN opening term closing
    (35) expr -> TAN opening term closing plus . SIN opening term closing
    (36) expr -> TAN opening term closing plus . COS opening term closing
    (80) term -> . integer

    TAN             shift and go to state 147
    SIN             shift and go to state 148
    COS             shift and go to state 146
    integer         shift and go to state 7

    term                           shift and go to state 145

state 94

    (15) expr -> TAN opening term closing times . term
    (48) expr -> TAN opening term closing times . TAN opening term closing
    (53) expr -> TAN opening term closing times . SIN opening term closing
    (54) expr -> TAN opening term closing times . COS opening term closing
    (80) term -> . integer

    TAN             shift and go to state 152
    SIN             shift and go to state 150
    COS             shift and go to state 151
    integer         shift and go to state 7

    term                           shift and go to state 149

state 95

    (6) expr -> ROOT opening term term closing .

    $end            reduce using rule 6 (expr -> ROOT opening term term closing .)


state 96

    (19) expr -> term divide COS opening term . closing
    (82) closing -> . closed

    closed          shift and go to state 62

    closing                        shift and go to state 153

state 97

    (27) expr -> term divide TAN opening term . closing
    (82) closing -> . closed

    closed          shift and go to state 62

    closing                        shift and go to state 154

state 98

    (23) expr -> term divide SIN opening term . closing
    (82) closing -> . closed

    closed          shift and go to state 62

    closing                        shift and go to state 155

state 99

    (18) expr -> term times COS opening term . closing
    (82) closing -> . closed

    closed          shift and go to state 62

    closing                        shift and go to state 156

state 100

    (26) expr -> term times TAN opening term . closing
    (82) closing -> . closed

    closed          shift and go to state 62

    closing                        shift and go to state 157

state 101

    (22) expr -> term times SIN opening term . closing
    (82) closing -> . closed

    closed          shift and go to state 62

    closing                        shift and go to state 158

state 102

    (17) expr -> term plus COS opening term . closing
    (82) closing -> . closed

    closed          shift and go to state 62

    closing                        shift and go to state 159

state 103

    (24) expr -> term plus TAN opening term . closing
    (82) closing -> . closed

    closed          shift and go to state 62

    closing                        shift and go to state 160

state 104

    (21) expr -> term plus SIN opening term . closing
    (82) closing -> . closed

    closed          shift and go to state 62

    closing                        shift and go to state 161

state 105

    (16) expr -> term minus COS opening term . closing
    (82) closing -> . closed

    closed          shift and go to state 62

    closing                        shift and go to state 162

state 106

    (25) expr -> term minus TAN opening term . closing
    (82) closing -> . closed

    closed          shift and go to state 62

    closing                        shift and go to state 163

state 107

    (20) expr -> term minus SIN opening term . closing
    (82) closing -> . closed

    closed          shift and go to state 62

    closing                        shift and go to state 164

state 108

    (55) expr -> COS opening term closing divide COS . opening term closing
    (81) opening -> . open

    open            shift and go to state 11

    opening                        shift and go to state 165

state 109

    (59) expr -> COS opening term closing divide TAN . opening term closing
    (81) opening -> . open

    open            shift and go to state 11

    opening                        shift and go to state 166

state 110

    (58) expr -> COS opening term closing divide SIN . opening term closing
    (81) opening -> . open

    open            shift and go to state 11

    opening                        shift and go to state 167

state 111

    (46) expr -> COS opening term closing times COS . opening term closing
    (81) opening -> . open

    open            shift and go to state 11

    opening                        shift and go to state 168

state 112

    (14) expr -> COS opening term closing times term .

    $end            reduce using rule 14 (expr -> COS opening term closing times term .)


state 113

    (50) expr -> COS opening term closing times TAN . opening term closing
    (81) opening -> . open

    open            shift and go to state 11

    opening                        shift and go to state 169

state 114

    (49) expr -> COS opening term closing times SIN . opening term closing
    (81) opening -> . open

    open            shift and go to state 11

    opening                        shift and go to state 170

state 115

    (28) expr -> COS opening term closing plus COS . opening term closing
    (81) opening -> . open

    open            shift and go to state 11

    opening                        shift and go to state 171

state 116

    (7) expr -> COS opening term closing plus term .

    $end            reduce using rule 7 (expr -> COS opening term closing plus term .)


state 117

    (32) expr -> COS opening term closing plus TAN . opening term closing
    (81) opening -> . open

    open            shift and go to state 11

    opening                        shift and go to state 172

state 118

    (31) expr -> COS opening term closing plus SIN . opening term closing
    (81) opening -> . open

    open            shift and go to state 11

    opening                        shift and go to state 173

state 119

    (37) expr -> COS opening term closing minus COS . opening term closing
    (81) opening -> . open

    open            shift and go to state 11

    opening                        shift and go to state 174

state 120

    (10) expr -> COS opening term closing minus term .

    $end            reduce using rule 10 (expr -> COS opening term closing minus term .)


state 121

    (41) expr -> COS opening term closing minus TAN . opening term closing
    (81) opening -> . open

    open            shift and go to state 11

    opening                        shift and go to state 175

state 122

    (40) expr -> COS opening term closing minus SIN . opening term closing
    (81) opening -> . open

    open            shift and go to state 11

    opening                        shift and go to state 176

state 123

    (60) expr -> SIN opening term closing divide COS . opening term closing
    (81) opening -> . open

    open            shift and go to state 11

    opening                        shift and go to state 177

state 124

    (61) expr -> SIN opening term closing divide TAN . opening term closing
    (81) opening -> . open

    open            shift and go to state 11

    opening                        shift and go to state 178

state 125

    (56) expr -> SIN opening term closing divide SIN . opening term closing
    (81) opening -> . open

    open            shift and go to state 11

    opening                        shift and go to state 179

state 126

    (8) expr -> SIN opening term closing plus term .

    $end            reduce using rule 8 (expr -> SIN opening term closing plus term .)


state 127

    (33) expr -> SIN opening term closing plus COS . opening term closing
    (81) opening -> . open

    open            shift and go to state 11

    opening                        shift and go to state 180

state 128

    (34) expr -> SIN opening term closing plus TAN . opening term closing
    (81) opening -> . open

    open            shift and go to state 11

    opening                        shift and go to state 181

state 129

    (29) expr -> SIN opening term closing plus SIN . opening term closing
    (81) opening -> . open

    open            shift and go to state 11

    opening                        shift and go to state 182

state 130

    (13) expr -> SIN opening term closing times term .

    $end            reduce using rule 13 (expr -> SIN opening term closing times term .)


state 131

    (51) expr -> SIN opening term closing times COS . opening term closing
    (81) opening -> . open

    open            shift and go to state 11

    opening                        shift and go to state 183

state 132

    (52) expr -> SIN opening term closing times TAN . opening term closing
    (81) opening -> . open

    open            shift and go to state 11

    opening                        shift and go to state 184

state 133

    (47) expr -> SIN opening term closing times SIN . opening term closing
    (81) opening -> . open

    open            shift and go to state 11

    opening                        shift and go to state 185

state 134

    (11) expr -> SIN opening term closing minus term .

    $end            reduce using rule 11 (expr -> SIN opening term closing minus term .)


state 135

    (42) expr -> SIN opening term closing minus COS . opening term closing
    (81) opening -> . open

    open            shift and go to state 11

    opening                        shift and go to state 186

state 136

    (38) expr -> SIN opening term closing minus SIN . opening term closing
    (81) opening -> . open

    open            shift and go to state 11

    opening                        shift and go to state 187

state 137

    (43) expr -> SIN opening term closing minus TAN . opening term closing
    (81) opening -> . open

    open            shift and go to state 11

    opening                        shift and go to state 188

state 138

    (63) expr -> TAN opening term closing divide COS . opening term closing
    (81) opening -> . open

    open            shift and go to state 11

    opening                        shift and go to state 189

state 139

    (57) expr -> TAN opening term closing divide TAN . opening term closing
    (81) opening -> . open

    open            shift and go to state 11

    opening                        shift and go to state 190

state 140

    (62) expr -> TAN opening term closing divide SIN . opening term closing
    (81) opening -> . open

    open            shift and go to state 11

    opening                        shift and go to state 191

state 141

    (12) expr -> TAN opening term closing minus term .

    $end            reduce using rule 12 (expr -> TAN opening term closing minus term .)


state 142

    (45) expr -> TAN opening term closing minus COS . opening term closing
    (81) opening -> . open

    open            shift and go to state 11

    opening                        shift and go to state 192

state 143

    (39) expr -> TAN opening term closing minus TAN . opening term closing
    (81) opening -> . open

    open            shift and go to state 11

    opening                        shift and go to state 193

state 144

    (44) expr -> TAN opening term closing minus SIN . opening term closing
    (81) opening -> . open

    open            shift and go to state 11

    opening                        shift and go to state 194

state 145

    (9) expr -> TAN opening term closing plus term .

    $end            reduce using rule 9 (expr -> TAN opening term closing plus term .)


state 146

    (36) expr -> TAN opening term closing plus COS . opening term closing
    (81) opening -> . open

    open            shift and go to state 11

    opening                        shift and go to state 195

state 147

    (30) expr -> TAN opening term closing plus TAN . opening term closing
    (81) opening -> . open

    open            shift and go to state 11

    opening                        shift and go to state 196

state 148

    (35) expr -> TAN opening term closing plus SIN . opening term closing
    (81) opening -> . open

    open            shift and go to state 11

    opening                        shift and go to state 197

state 149

    (15) expr -> TAN opening term closing times term .

    $end            reduce using rule 15 (expr -> TAN opening term closing times term .)


state 150

    (53) expr -> TAN opening term closing times SIN . opening term closing
    (81) opening -> . open

    open            shift and go to state 11

    opening                        shift and go to state 198

state 151

    (54) expr -> TAN opening term closing times COS . opening term closing
    (81) opening -> . open

    open            shift and go to state 11

    opening                        shift and go to state 199

state 152

    (48) expr -> TAN opening term closing times TAN . opening term closing
    (81) opening -> . open

    open            shift and go to state 11

    opening                        shift and go to state 200

state 153

    (19) expr -> term divide COS opening term closing .

    $end            reduce using rule 19 (expr -> term divide COS opening term closing .)


state 154

    (27) expr -> term divide TAN opening term closing .

    $end            reduce using rule 27 (expr -> term divide TAN opening term closing .)


state 155

    (23) expr -> term divide SIN opening term closing .

    $end            reduce using rule 23 (expr -> term divide SIN opening term closing .)


state 156

    (18) expr -> term times COS opening term closing .

    $end            reduce using rule 18 (expr -> term times COS opening term closing .)


state 157

    (26) expr -> term times TAN opening term closing .

    $end            reduce using rule 26 (expr -> term times TAN opening term closing .)


state 158

    (22) expr -> term times SIN opening term closing .

    $end            reduce using rule 22 (expr -> term times SIN opening term closing .)


state 159

    (17) expr -> term plus COS opening term closing .

    $end            reduce using rule 17 (expr -> term plus COS opening term closing .)


state 160

    (24) expr -> term plus TAN opening term closing .

    $end            reduce using rule 24 (expr -> term plus TAN opening term closing .)


state 161

    (21) expr -> term plus SIN opening term closing .

    $end            reduce using rule 21 (expr -> term plus SIN opening term closing .)


state 162

    (16) expr -> term minus COS opening term closing .

    $end            reduce using rule 16 (expr -> term minus COS opening term closing .)


state 163

    (25) expr -> term minus TAN opening term closing .

    $end            reduce using rule 25 (expr -> term minus TAN opening term closing .)


state 164

    (20) expr -> term minus SIN opening term closing .

    $end            reduce using rule 20 (expr -> term minus SIN opening term closing .)


state 165

    (55) expr -> COS opening term closing divide COS opening . term closing
    (80) term -> . integer

    integer         shift and go to state 7

    term                           shift and go to state 201

state 166

    (59) expr -> COS opening term closing divide TAN opening . term closing
    (80) term -> . integer

    integer         shift and go to state 7

    term                           shift and go to state 202

state 167

    (58) expr -> COS opening term closing divide SIN opening . term closing
    (80) term -> . integer

    integer         shift and go to state 7

    term                           shift and go to state 203

state 168

    (46) expr -> COS opening term closing times COS opening . term closing
    (80) term -> . integer

    integer         shift and go to state 7

    term                           shift and go to state 204

state 169

    (50) expr -> COS opening term closing times TAN opening . term closing
    (80) term -> . integer

    integer         shift and go to state 7

    term                           shift and go to state 205

state 170

    (49) expr -> COS opening term closing times SIN opening . term closing
    (80) term -> . integer

    integer         shift and go to state 7

    term                           shift and go to state 206

state 171

    (28) expr -> COS opening term closing plus COS opening . term closing
    (80) term -> . integer

    integer         shift and go to state 7

    term                           shift and go to state 207

state 172

    (32) expr -> COS opening term closing plus TAN opening . term closing
    (80) term -> . integer

    integer         shift and go to state 7

    term                           shift and go to state 208

state 173

    (31) expr -> COS opening term closing plus SIN opening . term closing
    (80) term -> . integer

    integer         shift and go to state 7

    term                           shift and go to state 209

state 174

    (37) expr -> COS opening term closing minus COS opening . term closing
    (80) term -> . integer

    integer         shift and go to state 7

    term                           shift and go to state 210

state 175

    (41) expr -> COS opening term closing minus TAN opening . term closing
    (80) term -> . integer

    integer         shift and go to state 7

    term                           shift and go to state 211

state 176

    (40) expr -> COS opening term closing minus SIN opening . term closing
    (80) term -> . integer

    integer         shift and go to state 7

    term                           shift and go to state 212

state 177

    (60) expr -> SIN opening term closing divide COS opening . term closing
    (80) term -> . integer

    integer         shift and go to state 7

    term                           shift and go to state 213

state 178

    (61) expr -> SIN opening term closing divide TAN opening . term closing
    (80) term -> . integer

    integer         shift and go to state 7

    term                           shift and go to state 214

state 179

    (56) expr -> SIN opening term closing divide SIN opening . term closing
    (80) term -> . integer

    integer         shift and go to state 7

    term                           shift and go to state 215

state 180

    (33) expr -> SIN opening term closing plus COS opening . term closing
    (80) term -> . integer

    integer         shift and go to state 7

    term                           shift and go to state 216

state 181

    (34) expr -> SIN opening term closing plus TAN opening . term closing
    (80) term -> . integer

    integer         shift and go to state 7

    term                           shift and go to state 217

state 182

    (29) expr -> SIN opening term closing plus SIN opening . term closing
    (80) term -> . integer

    integer         shift and go to state 7

    term                           shift and go to state 218

state 183

    (51) expr -> SIN opening term closing times COS opening . term closing
    (80) term -> . integer

    integer         shift and go to state 7

    term                           shift and go to state 219

state 184

    (52) expr -> SIN opening term closing times TAN opening . term closing
    (80) term -> . integer

    integer         shift and go to state 7

    term                           shift and go to state 220

state 185

    (47) expr -> SIN opening term closing times SIN opening . term closing
    (80) term -> . integer

    integer         shift and go to state 7

    term                           shift and go to state 221

state 186

    (42) expr -> SIN opening term closing minus COS opening . term closing
    (80) term -> . integer

    integer         shift and go to state 7

    term                           shift and go to state 222

state 187

    (38) expr -> SIN opening term closing minus SIN opening . term closing
    (80) term -> . integer

    integer         shift and go to state 7

    term                           shift and go to state 223

state 188

    (43) expr -> SIN opening term closing minus TAN opening . term closing
    (80) term -> . integer

    integer         shift and go to state 7

    term                           shift and go to state 224

state 189

    (63) expr -> TAN opening term closing divide COS opening . term closing
    (80) term -> . integer

    integer         shift and go to state 7

    term                           shift and go to state 225

state 190

    (57) expr -> TAN opening term closing divide TAN opening . term closing
    (80) term -> . integer

    integer         shift and go to state 7

    term                           shift and go to state 226

state 191

    (62) expr -> TAN opening term closing divide SIN opening . term closing
    (80) term -> . integer

    integer         shift and go to state 7

    term                           shift and go to state 227

state 192

    (45) expr -> TAN opening term closing minus COS opening . term closing
    (80) term -> . integer

    integer         shift and go to state 7

    term                           shift and go to state 228

state 193

    (39) expr -> TAN opening term closing minus TAN opening . term closing
    (80) term -> . integer

    integer         shift and go to state 7

    term                           shift and go to state 229

state 194

    (44) expr -> TAN opening term closing minus SIN opening . term closing
    (80) term -> . integer

    integer         shift and go to state 7

    term                           shift and go to state 230

state 195

    (36) expr -> TAN opening term closing plus COS opening . term closing
    (80) term -> . integer

    integer         shift and go to state 7

    term                           shift and go to state 231

state 196

    (30) expr -> TAN opening term closing plus TAN opening . term closing
    (80) term -> . integer

    integer         shift and go to state 7

    term                           shift and go to state 232

state 197

    (35) expr -> TAN opening term closing plus SIN opening . term closing
    (80) term -> . integer

    integer         shift and go to state 7

    term                           shift and go to state 233

state 198

    (53) expr -> TAN opening term closing times SIN opening . term closing
    (80) term -> . integer

    integer         shift and go to state 7

    term                           shift and go to state 234

state 199

    (54) expr -> TAN opening term closing times COS opening . term closing
    (80) term -> . integer

    integer         shift and go to state 7

    term                           shift and go to state 235

state 200

    (48) expr -> TAN opening term closing times TAN opening . term closing
    (80) term -> . integer

    integer         shift and go to state 7

    term                           shift and go to state 236

state 201

    (55) expr -> COS opening term closing divide COS opening term . closing
    (82) closing -> . closed

    closed          shift and go to state 62

    closing                        shift and go to state 237

state 202

    (59) expr -> COS opening term closing divide TAN opening term . closing
    (82) closing -> . closed

    closed          shift and go to state 62

    closing                        shift and go to state 238

state 203

    (58) expr -> COS opening term closing divide SIN opening term . closing
    (82) closing -> . closed

    closed          shift and go to state 62

    closing                        shift and go to state 239

state 204

    (46) expr -> COS opening term closing times COS opening term . closing
    (82) closing -> . closed

    closed          shift and go to state 62

    closing                        shift and go to state 240

state 205

    (50) expr -> COS opening term closing times TAN opening term . closing
    (82) closing -> . closed

    closed          shift and go to state 62

    closing                        shift and go to state 241

state 206

    (49) expr -> COS opening term closing times SIN opening term . closing
    (82) closing -> . closed

    closed          shift and go to state 62

    closing                        shift and go to state 242

state 207

    (28) expr -> COS opening term closing plus COS opening term . closing
    (82) closing -> . closed

    closed          shift and go to state 62

    closing                        shift and go to state 243

state 208

    (32) expr -> COS opening term closing plus TAN opening term . closing
    (82) closing -> . closed

    closed          shift and go to state 62

    closing                        shift and go to state 244

state 209

    (31) expr -> COS opening term closing plus SIN opening term . closing
    (82) closing -> . closed

    closed          shift and go to state 62

    closing                        shift and go to state 245

state 210

    (37) expr -> COS opening term closing minus COS opening term . closing
    (82) closing -> . closed

    closed          shift and go to state 62

    closing                        shift and go to state 246

state 211

    (41) expr -> COS opening term closing minus TAN opening term . closing
    (82) closing -> . closed

    closed          shift and go to state 62

    closing                        shift and go to state 247

state 212

    (40) expr -> COS opening term closing minus SIN opening term . closing
    (82) closing -> . closed

    closed          shift and go to state 62

    closing                        shift and go to state 248

state 213

    (60) expr -> SIN opening term closing divide COS opening term . closing
    (82) closing -> . closed

    closed          shift and go to state 62

    closing                        shift and go to state 249

state 214

    (61) expr -> SIN opening term closing divide TAN opening term . closing
    (82) closing -> . closed

    closed          shift and go to state 62

    closing                        shift and go to state 250

state 215

    (56) expr -> SIN opening term closing divide SIN opening term . closing
    (82) closing -> . closed

    closed          shift and go to state 62

    closing                        shift and go to state 251

state 216

    (33) expr -> SIN opening term closing plus COS opening term . closing
    (82) closing -> . closed

    closed          shift and go to state 62

    closing                        shift and go to state 252

state 217

    (34) expr -> SIN opening term closing plus TAN opening term . closing
    (82) closing -> . closed

    closed          shift and go to state 62

    closing                        shift and go to state 253

state 218

    (29) expr -> SIN opening term closing plus SIN opening term . closing
    (82) closing -> . closed

    closed          shift and go to state 62

    closing                        shift and go to state 254

state 219

    (51) expr -> SIN opening term closing times COS opening term . closing
    (82) closing -> . closed

    closed          shift and go to state 62

    closing                        shift and go to state 255

state 220

    (52) expr -> SIN opening term closing times TAN opening term . closing
    (82) closing -> . closed

    closed          shift and go to state 62

    closing                        shift and go to state 256

state 221

    (47) expr -> SIN opening term closing times SIN opening term . closing
    (82) closing -> . closed

    closed          shift and go to state 62

    closing                        shift and go to state 257

state 222

    (42) expr -> SIN opening term closing minus COS opening term . closing
    (82) closing -> . closed

    closed          shift and go to state 62

    closing                        shift and go to state 258

state 223

    (38) expr -> SIN opening term closing minus SIN opening term . closing
    (82) closing -> . closed

    closed          shift and go to state 62

    closing                        shift and go to state 259

state 224

    (43) expr -> SIN opening term closing minus TAN opening term . closing
    (82) closing -> . closed

    closed          shift and go to state 62

    closing                        shift and go to state 260

state 225

    (63) expr -> TAN opening term closing divide COS opening term . closing
    (82) closing -> . closed

    closed          shift and go to state 62

    closing                        shift and go to state 261

state 226

    (57) expr -> TAN opening term closing divide TAN opening term . closing
    (82) closing -> . closed

    closed          shift and go to state 62

    closing                        shift and go to state 262

state 227

    (62) expr -> TAN opening term closing divide SIN opening term . closing
    (82) closing -> . closed

    closed          shift and go to state 62

    closing                        shift and go to state 263

state 228

    (45) expr -> TAN opening term closing minus COS opening term . closing
    (82) closing -> . closed

    closed          shift and go to state 62

    closing                        shift and go to state 264

state 229

    (39) expr -> TAN opening term closing minus TAN opening term . closing
    (82) closing -> . closed

    closed          shift and go to state 62

    closing                        shift and go to state 265

state 230

    (44) expr -> TAN opening term closing minus SIN opening term . closing
    (82) closing -> . closed

    closed          shift and go to state 62

    closing                        shift and go to state 266

state 231

    (36) expr -> TAN opening term closing plus COS opening term . closing
    (82) closing -> . closed

    closed          shift and go to state 62

    closing                        shift and go to state 267

state 232

    (30) expr -> TAN opening term closing plus TAN opening term . closing
    (82) closing -> . closed

    closed          shift and go to state 62

    closing                        shift and go to state 268

state 233

    (35) expr -> TAN opening term closing plus SIN opening term . closing
    (82) closing -> . closed

    closed          shift and go to state 62

    closing                        shift and go to state 269

state 234

    (53) expr -> TAN opening term closing times SIN opening term . closing
    (82) closing -> . closed

    closed          shift and go to state 62

    closing                        shift and go to state 270

state 235

    (54) expr -> TAN opening term closing times COS opening term . closing
    (82) closing -> . closed

    closed          shift and go to state 62

    closing                        shift and go to state 271

state 236

    (48) expr -> TAN opening term closing times TAN opening term . closing
    (82) closing -> . closed

    closed          shift and go to state 62

    closing                        shift and go to state 272

state 237

    (55) expr -> COS opening term closing divide COS opening term closing .

    $end            reduce using rule 55 (expr -> COS opening term closing divide COS opening term closing .)


state 238

    (59) expr -> COS opening term closing divide TAN opening term closing .

    $end            reduce using rule 59 (expr -> COS opening term closing divide TAN opening term closing .)


state 239

    (58) expr -> COS opening term closing divide SIN opening term closing .

    $end            reduce using rule 58 (expr -> COS opening term closing divide SIN opening term closing .)


state 240

    (46) expr -> COS opening term closing times COS opening term closing .

    $end            reduce using rule 46 (expr -> COS opening term closing times COS opening term closing .)


state 241

    (50) expr -> COS opening term closing times TAN opening term closing .

    $end            reduce using rule 50 (expr -> COS opening term closing times TAN opening term closing .)


state 242

    (49) expr -> COS opening term closing times SIN opening term closing .

    $end            reduce using rule 49 (expr -> COS opening term closing times SIN opening term closing .)


state 243

    (28) expr -> COS opening term closing plus COS opening term closing .

    $end            reduce using rule 28 (expr -> COS opening term closing plus COS opening term closing .)


state 244

    (32) expr -> COS opening term closing plus TAN opening term closing .

    $end            reduce using rule 32 (expr -> COS opening term closing plus TAN opening term closing .)


state 245

    (31) expr -> COS opening term closing plus SIN opening term closing .

    $end            reduce using rule 31 (expr -> COS opening term closing plus SIN opening term closing .)


state 246

    (37) expr -> COS opening term closing minus COS opening term closing .

    $end            reduce using rule 37 (expr -> COS opening term closing minus COS opening term closing .)


state 247

    (41) expr -> COS opening term closing minus TAN opening term closing .

    $end            reduce using rule 41 (expr -> COS opening term closing minus TAN opening term closing .)


state 248

    (40) expr -> COS opening term closing minus SIN opening term closing .

    $end            reduce using rule 40 (expr -> COS opening term closing minus SIN opening term closing .)


state 249

    (60) expr -> SIN opening term closing divide COS opening term closing .

    $end            reduce using rule 60 (expr -> SIN opening term closing divide COS opening term closing .)


state 250

    (61) expr -> SIN opening term closing divide TAN opening term closing .

    $end            reduce using rule 61 (expr -> SIN opening term closing divide TAN opening term closing .)


state 251

    (56) expr -> SIN opening term closing divide SIN opening term closing .

    $end            reduce using rule 56 (expr -> SIN opening term closing divide SIN opening term closing .)


state 252

    (33) expr -> SIN opening term closing plus COS opening term closing .

    $end            reduce using rule 33 (expr -> SIN opening term closing plus COS opening term closing .)


state 253

    (34) expr -> SIN opening term closing plus TAN opening term closing .

    $end            reduce using rule 34 (expr -> SIN opening term closing plus TAN opening term closing .)


state 254

    (29) expr -> SIN opening term closing plus SIN opening term closing .

    $end            reduce using rule 29 (expr -> SIN opening term closing plus SIN opening term closing .)


state 255

    (51) expr -> SIN opening term closing times COS opening term closing .

    $end            reduce using rule 51 (expr -> SIN opening term closing times COS opening term closing .)


state 256

    (52) expr -> SIN opening term closing times TAN opening term closing .

    $end            reduce using rule 52 (expr -> SIN opening term closing times TAN opening term closing .)


state 257

    (47) expr -> SIN opening term closing times SIN opening term closing .

    $end            reduce using rule 47 (expr -> SIN opening term closing times SIN opening term closing .)


state 258

    (42) expr -> SIN opening term closing minus COS opening term closing .

    $end            reduce using rule 42 (expr -> SIN opening term closing minus COS opening term closing .)


state 259

    (38) expr -> SIN opening term closing minus SIN opening term closing .

    $end            reduce using rule 38 (expr -> SIN opening term closing minus SIN opening term closing .)


state 260

    (43) expr -> SIN opening term closing minus TAN opening term closing .

    $end            reduce using rule 43 (expr -> SIN opening term closing minus TAN opening term closing .)


state 261

    (63) expr -> TAN opening term closing divide COS opening term closing .

    $end            reduce using rule 63 (expr -> TAN opening term closing divide COS opening term closing .)


state 262

    (57) expr -> TAN opening term closing divide TAN opening term closing .

    $end            reduce using rule 57 (expr -> TAN opening term closing divide TAN opening term closing .)


state 263

    (62) expr -> TAN opening term closing divide SIN opening term closing .

    $end            reduce using rule 62 (expr -> TAN opening term closing divide SIN opening term closing .)


state 264

    (45) expr -> TAN opening term closing minus COS opening term closing .

    $end            reduce using rule 45 (expr -> TAN opening term closing minus COS opening term closing .)


state 265

    (39) expr -> TAN opening term closing minus TAN opening term closing .

    $end            reduce using rule 39 (expr -> TAN opening term closing minus TAN opening term closing .)


state 266

    (44) expr -> TAN opening term closing minus SIN opening term closing .

    $end            reduce using rule 44 (expr -> TAN opening term closing minus SIN opening term closing .)


state 267

    (36) expr -> TAN opening term closing plus COS opening term closing .

    $end            reduce using rule 36 (expr -> TAN opening term closing plus COS opening term closing .)


state 268

    (30) expr -> TAN opening term closing plus TAN opening term closing .

    $end            reduce using rule 30 (expr -> TAN opening term closing plus TAN opening term closing .)


state 269

    (35) expr -> TAN opening term closing plus SIN opening term closing .

    $end            reduce using rule 35 (expr -> TAN opening term closing plus SIN opening term closing .)


state 270

    (53) expr -> TAN opening term closing times SIN opening term closing .

    $end            reduce using rule 53 (expr -> TAN opening term closing times SIN opening term closing .)


state 271

    (54) expr -> TAN opening term closing times COS opening term closing .

    $end            reduce using rule 54 (expr -> TAN opening term closing times COS opening term closing .)


state 272

    (48) expr -> TAN opening term closing times TAN opening term closing .

    $end            reduce using rule 48 (expr -> TAN opening term closing times TAN opening term closing .)

